<?xml version="1.0" encoding="UTF-8"?>
<!-- Generated by org.testng.reporters.JUnitReportReporter -->
<testsuite skipped="0" hostname="LAPTOP-EUNNNQG0" name="org.example.testRunner.runners" tests="1" failures="0" timestamp="2022-08-09T15:59:29 EET" time="10.270" errors="0">
  <testcase name="runScenario" time="10.270" classname="org.example.testRunner.runners"/>
  <system-out/>
</testsuite> <!-- org.example.testRunner.runners -->
